==13102== Memcheck, a memory error detector
==13102== Copyright (C) 2002-2015, and GNU GPL'd, by Julian Seward et al.
==13102== Using Valgrind-3.11.0 and LibVEX; rerun with -h for copyright info
==13102== Command: /home/michionlion/catkin_ws/devel/lib/bebop_teleop/bebop_teleop __name:=bebop_teleop __log:=/home/michionlion/.ros/log/8bca7a50-2ea9-11e7-b732-40e230d75063/bebop_teleop-1.log
==13102== 
--13102-- Valgrind options:
--13102--    --leak-check=full
--13102--    -v
--13102--    --track-origins=yes
--13102-- Contents of /proc/version:
--13102--   Linux version 4.4.0-75-generic (buildd@lgw01-21) (gcc version 5.4.0 20160609 (Ubuntu 5.4.0-6ubuntu1~16.04.4) ) #96-Ubuntu SMP Thu Apr 20 09:56:33 UTC 2017
--13102-- 
--13102-- Arch and hwcaps: AMD64, LittleEndian, amd64-cx16-lzcnt-rdtscp-sse3-avx-avx2-bmi
--13102-- Page sizes: currently 4096, max supported 4096
--13102-- Valgrind library directory: /usr/lib/valgrind
--13102-- Reading syms from /home/michionlion/catkin_ws/devel/lib/bebop_teleop/bebop_teleop
--13102-- Reading syms from /lib/x86_64-linux-gnu/ld-2.23.so
--13102--   Considering /lib/x86_64-linux-gnu/ld-2.23.so ..
--13102--   .. CRC mismatch (computed 10768843 wanted ef0d0121)
--13102--   Considering /usr/lib/debug/lib/x86_64-linux-gnu/ld-2.23.so ..
--13102--   .. CRC is valid
--13102-- Reading syms from /usr/lib/valgrind/memcheck-amd64-linux
--13102--   Considering /usr/lib/valgrind/memcheck-amd64-linux ..
--13102--   .. CRC mismatch (computed 5529a2c7 wanted 5bd23904)
--13102--    object doesn't have a symbol table
--13102--    object doesn't have a dynamic symbol table
--13102-- Scheduler: using generic scheduler lock implementation.
--13102-- Reading suppressions file: /usr/lib/valgrind/default.supp
==13102== embedded gdbserver: reading from /tmp/vgdb-pipe-from-vgdb-to-13102-by-michionlion-on-???
==13102== embedded gdbserver: writing to   /tmp/vgdb-pipe-to-vgdb-from-13102-by-michionlion-on-???
==13102== embedded gdbserver: shared mem   /tmp/vgdb-pipe-shared-mem-vgdb-13102-by-michionlion-on-???
==13102== 
==13102== TO CONTROL THIS PROCESS USING vgdb (which you probably
==13102== don't want to do, unless you know exactly what you're doing,
==13102== or are doing some strange experiment):
==13102==   /usr/lib/valgrind/../../bin/vgdb --pid=13102 ...command...
==13102== 
==13102== TO DEBUG THIS PROCESS USING GDB: start GDB like this
==13102==   /path/to/gdb /home/michionlion/catkin_ws/devel/lib/bebop_teleop/bebop_teleop
==13102== and then give GDB the following command
==13102==   target remote | /usr/lib/valgrind/../../bin/vgdb --pid=13102
==13102== --pid is optional if only one valgrind process is running
==13102== 
--13102-- REDIR: 0x401cdc0 (ld-linux-x86-64.so.2:strlen) redirected to 0x3809e181 (???)
--13102-- Reading syms from /usr/lib/valgrind/vgpreload_core-amd64-linux.so
--13102--   Considering /usr/lib/valgrind/vgpreload_core-amd64-linux.so ..
--13102--   .. CRC mismatch (computed a30c8eaa wanted 7ae2fed4)
--13102--    object doesn't have a symbol table
--13102-- Reading syms from /usr/lib/valgrind/vgpreload_memcheck-amd64-linux.so
--13102--   Considering /usr/lib/valgrind/vgpreload_memcheck-amd64-linux.so ..
--13102--   .. CRC mismatch (computed 402c2ab5 wanted 745f25ae)
--13102--    object doesn't have a symbol table
==13102== WARNING: new redirection conflicts with existing -- ignoring it
--13102--     old: 0x0401cdc0 (strlen              ) R-> (0000.0) 0x3809e181 ???
--13102--     new: 0x0401cdc0 (strlen              ) R-> (2007.0) 0x04c31020 strlen
--13102-- REDIR: 0x401b710 (ld-linux-x86-64.so.2:index) redirected to 0x4c30bc0 (index)
--13102-- REDIR: 0x401b930 (ld-linux-x86-64.so.2:strcmp) redirected to 0x4c320d0 (strcmp)
--13102-- REDIR: 0x401db20 (ld-linux-x86-64.so.2:mempcpy) redirected to 0x4c35270 (mempcpy)
--13102-- Reading syms from /usr/lib/x86_64-linux-gnu/libSDL2-2.0.so.0.4.0
--13102--    object doesn't have a symbol table
--13102-- Reading syms from /usr/lib/x86_64-linux-gnu/libSDL2_ttf-2.0.so.0.14.0
--13102--    object doesn't have a symbol table
--13102-- Reading syms from /opt/ros/kinetic/lib/libimage_transport.so
--13102--    object doesn't have a symbol table
--13102-- Reading syms from /opt/ros/kinetic/lib/libroscpp.so
--13102--    object doesn't have a symbol table
--13102-- Reading syms from /opt/ros/kinetic/lib/librosconsole.so
--13102--    object doesn't have a symbol table
--13102-- Reading syms from /opt/ros/kinetic/lib/libroscpp_serialization.so
--13102--    object doesn't have a symbol table
--13102-- Reading syms from /opt/ros/kinetic/lib/librostime.so
--13102--    object doesn't have a symbol table
--13102-- Reading syms from /usr/lib/x86_64-linux-gnu/libstdc++.so.6.0.21
--13102--   Considering /usr/lib/x86_64-linux-gnu/libstdc++.so.6.0.21 ..
--13102--   .. CRC mismatch (computed 834c912e wanted c67ab13d)
--13102--    object doesn't have a symbol table
--13102-- Reading syms from /lib/x86_64-linux-gnu/libm-2.23.so
--13102--   Considering /lib/x86_64-linux-gnu/libm-2.23.so ..
--13102--   .. CRC mismatch (computed 3989a391 wanted dd37ef77)
--13102--   Considering /usr/lib/debug/lib/x86_64-linux-gnu/libm-2.23.so ..
--13102--   .. CRC is valid
--13102-- Reading syms from /lib/x86_64-linux-gnu/libgcc_s.so.1
--13102--   Considering /lib/x86_64-linux-gnu/libgcc_s.so.1 ..
--13102--   .. CRC mismatch (computed b9a68419 wanted 29d51b00)
--13102--    object doesn't have a symbol table
--13102-- Reading syms from /lib/x86_64-linux-gnu/libc-2.23.so
--13102--   Considering /lib/x86_64-linux-gnu/libc-2.23.so ..
--13102--   .. CRC mismatch (computed f3344b67 wanted 8e4ae80b)
--13102--   Considering /usr/lib/debug/lib/x86_64-linux-gnu/libc-2.23.so ..
--13102--   .. CRC is valid
--13102-- Reading syms from /usr/lib/x86_64-linux-gnu/libasound.so.2.0.0
--13102--    object doesn't have a symbol table
--13102-- Reading syms from /lib/x86_64-linux-gnu/libdl-2.23.so
--13102--   Considering /lib/x86_64-linux-gnu/libdl-2.23.so ..
--13102--   .. CRC mismatch (computed 4ba37d50 wanted e2315a8f)
--13102--   Considering /usr/lib/debug/lib/x86_64-linux-gnu/libdl-2.23.so ..
--13102--   .. CRC is valid
--13102-- Reading syms from /usr/lib/x86_64-linux-gnu/libpulse.so.0.19.0
--13102--    object doesn't have a symbol table
--13102-- Reading syms from /usr/lib/x86_64-linux-gnu/libsndio.so.6.1
--13102--    object doesn't have a symbol table
--13102-- Reading syms from /usr/lib/x86_64-linux-gnu/libX11.so.6.3.0
--13102--   Considering /usr/lib/x86_64-linux-gnu/libX11.so.6.3.0 ..
--13102--   .. CRC mismatch (computed afbbdc31 wanted a2ee230b)
--13102--    object doesn't have a symbol table
--13102-- Reading syms from /usr/lib/x86_64-linux-gnu/libXext.so.6.4.0
--13102--   Considering /usr/lib/x86_64-linux-gnu/libXext.so.6.4.0 ..
--13102--   .. CRC mismatch (computed b483887a wanted 38c83e44)
--13102--    object doesn't have a symbol table
--13102-- Reading syms from /usr/lib/x86_64-linux-gnu/libXcursor.so.1.0.2
--13102--   Considering /usr/lib/x86_64-linux-gnu/libXcursor.so.1.0.2 ..
--13102--   .. CRC mismatch (computed 63e27661 wanted 89d60ca9)
--13102--    object doesn't have a symbol table
--13102-- Reading syms from /usr/lib/x86_64-linux-gnu/libXinerama.so.1.0.0
--13102--   Considering /usr/lib/x86_64-linux-gnu/libXinerama.so.1.0.0 ..
--13102--   .. CRC mismatch (computed 7bb99cdf wanted 61ad4d32)
--13102--    object doesn't have a symbol table
--13102-- Reading syms from /usr/lib/x86_64-linux-gnu/libXi.so.6.1.0
--13102--    object doesn't have a symbol table
--13102-- Reading syms from /usr/lib/x86_64-linux-gnu/libXrandr.so.2.2.0
--13102--    object doesn't have a symbol table
--13102-- Reading syms from /usr/lib/x86_64-linux-gnu/libXss.so.1.0.0
--13102--   Considering /usr/lib/x86_64-linux-gnu/libXss.so.1.0.0 ..
--13102--   .. CRC mismatch (computed ab522b10 wanted 5fc28128)
--13102--    object doesn't have a symbol table
--13102-- Reading syms from /usr/lib/x86_64-linux-gnu/libXxf86vm.so.1.0.0
--13102--    object doesn't have a symbol table
--13102-- Reading syms from /usr/lib/x86_64-linux-gnu/libwayland-egl.so.1.0.0
--13102--    object doesn't have a symbol table
--13102-- Reading syms from /usr/lib/x86_64-linux-gnu/libwayland-client.so.0.3.0
--13102--    object doesn't have a symbol table
--13102-- Reading syms from /usr/lib/x86_64-linux-gnu/libwayland-cursor.so.0.0.0
--13102--    object doesn't have a symbol table
--13102-- Reading syms from /usr/lib/x86_64-linux-gnu/libxkbcommon.so.0.0.0
--13102--    object doesn't have a symbol table
--13102-- Reading syms from /lib/x86_64-linux-gnu/libpthread-2.23.so
--13102--   Considering /usr/lib/debug/.build-id/84/538e3c6cfcd5d4e3c0d2b6c3373f802915a498.debug ..
--13102--   .. build-id is valid
--13102-- Reading syms from /lib/x86_64-linux-gnu/librt-2.23.so
--13102--   Considering /lib/x86_64-linux-gnu/librt-2.23.so ..
--13102--   .. CRC mismatch (computed eff39c9f wanted eba137b1)
--13102--   Considering /usr/lib/debug/lib/x86_64-linux-gnu/librt-2.23.so ..
--13102--   .. CRC is valid
--13102-- Reading syms from /usr/lib/x86_64-linux-gnu/libfreetype.so.6.12.1
--13102--    object doesn't have a symbol table
--13102-- Reading syms from /opt/ros/kinetic/lib/libmessage_filters.so
--13102--    object doesn't have a symbol table
--13102-- Reading syms from /opt/ros/kinetic/lib/libclass_loader.so
--13102--    object doesn't have a symbol table
--13102-- Reading syms from /opt/ros/kinetic/lib/libroslib.so
--13102--    object doesn't have a symbol table
--13102-- Reading syms from /usr/lib/x86_64-linux-gnu/libboost_filesystem.so.1.58.0
--13102--    object doesn't have a symbol table
--13102-- Reading syms from /usr/lib/x86_64-linux-gnu/libtinyxml.so.2.6.2
--13102--   Considering /usr/lib/x86_64-linux-gnu/libtinyxml.so.2.6.2 ..
--13102--   .. CRC mismatch (computed 4f35a533 wanted 6186794d)
--13102--    object doesn't have a symbol table
--13102-- Reading syms from /usr/lib/x86_64-linux-gnu/libboost_system.so.1.58.0
--13102--    object doesn't have a symbol table
--13102-- Reading syms from /usr/lib/x86_64-linux-gnu/libconsole_bridge.so.0.2
--13102--    object doesn't have a symbol table
--13102-- Reading syms from /opt/ros/kinetic/lib/libxmlrpcpp.so
--13102--    object doesn't have a symbol table
--13102-- Reading syms from /opt/ros/kinetic/lib/libcpp_common.so
--13102--    object doesn't have a symbol table
--13102-- Reading syms from /usr/lib/x86_64-linux-gnu/libboost_thread.so.1.58.0
--13102--    object doesn't have a symbol table
--13102-- Reading syms from /opt/ros/kinetic/lib/librosconsole_log4cxx.so
--13102--    object doesn't have a symbol table
--13102-- Reading syms from /opt/ros/kinetic/lib/librosconsole_backend_interface.so
--13102--    object doesn't have a symbol table
--13102-- Reading syms from /usr/lib/x86_64-linux-gnu/liblog4cxx.so.10.0.0
--13102--    object doesn't have a symbol table
--13102-- Reading syms from /usr/lib/x86_64-linux-gnu/libboost_regex.so.1.58.0
--13102--    object doesn't have a symbol table
--13102-- Reading syms from /lib/x86_64-linux-gnu/libjson-c.so.2.0.0
--13102--    object doesn't have a symbol table
--13102-- Reading syms from /usr/lib/x86_64-linux-gnu/pulseaudio/libpulsecommon-8.0.so
--13102--    object doesn't have a symbol table
--13102-- Reading syms from /lib/x86_64-linux-gnu/libdbus-1.so.3.14.6
--13102--    object doesn't have a symbol table
--13102-- Reading syms from /lib/x86_64-linux-gnu/libbsd.so.0.8.2
--13102--    object doesn't have a symbol table
--13102-- Reading syms from /usr/lib/x86_64-linux-gnu/libxcb.so.1.1.0
--13102--    object doesn't have a symbol table
--13102-- Reading syms from /usr/lib/x86_64-linux-gnu/libXrender.so.1.3.0
--13102--   Considering /usr/lib/x86_64-linux-gnu/libXrender.so.1.3.0 ..
--13102--   .. CRC mismatch (computed 19f12a45 wanted d5c3c1e7)
--13102--    object doesn't have a symbol table
--13102-- Reading syms from /usr/lib/x86_64-linux-gnu/libXfixes.so.3.1.0
--13102--    object doesn't have a symbol table
--13102-- Reading syms from /usr/lib/x86_64-linux-gnu/libffi.so.6.0.4
--13102--    object doesn't have a symbol table
--13102-- Reading syms from /lib/x86_64-linux-gnu/libz.so.1.2.8
--13102--    object doesn't have a symbol table
--13102-- Reading syms from /lib/x86_64-linux-gnu/libpng12.so.0.54.0
--13102--   Considering /lib/x86_64-linux-gnu/libpng12.so.0.54.0 ..
--13102--   .. CRC mismatch (computed c8414c97 wanted f8adabcb)
--13102--    object doesn't have a symbol table
--13102-- Reading syms from /usr/lib/libPocoFoundation.so.9
--13102--    object doesn't have a symbol table
--13102-- Reading syms from /opt/ros/kinetic/lib/librospack.so
--13102--    object doesn't have a symbol table
--13102-- Reading syms from /usr/lib/x86_64-linux-gnu/libapr-1.so.0.5.2
--13102--    object doesn't have a symbol table
--13102-- Reading syms from /usr/lib/x86_64-linux-gnu/libaprutil-1.so.0.5.4
--13102--    object doesn't have a symbol table
--13102-- Reading syms from /usr/lib/x86_64-linux-gnu/libicui18n.so.55.1
--13102--    object doesn't have a symbol table
--13102-- Reading syms from /usr/lib/x86_64-linux-gnu/libicuuc.so.55.1
--13102--    object doesn't have a symbol table
--13102-- Reading syms from /lib/x86_64-linux-gnu/libsystemd.so.0.14.0
--13102--    object doesn't have a symbol table
--13102-- Reading syms from /lib/x86_64-linux-gnu/libwrap.so.0.7.6
--13102--   Considering /lib/x86_64-linux-gnu/libwrap.so.0.7.6 ..
--13102--   .. CRC mismatch (computed 34dcf8ad wanted 45219146)
--13102--    object doesn't have a symbol table
--13102-- Reading syms from /usr/lib/x86_64-linux-gnu/libsndfile.so.1.0.25
--13102--   Considering /usr/lib/x86_64-linux-gnu/libsndfile.so.1.0.25 ..
--13102--   .. CRC mismatch (computed 554eff3d wanted 240960d4)
--13102--    object doesn't have a symbol table
--13102-- Reading syms from /usr/lib/x86_64-linux-gnu/libasyncns.so.0.3.1
--13102--    object doesn't have a symbol table
--13102-- Reading syms from /usr/lib/x86_64-linux-gnu/libXau.so.6.0.0
--13102--   Considering /usr/lib/x86_64-linux-gnu/libXau.so.6.0.0 ..
--13102--   .. CRC mismatch (computed 256f5df8 wanted 5d40ac88)
--13102--    object doesn't have a symbol table
--13102-- Reading syms from /usr/lib/x86_64-linux-gnu/libXdmcp.so.6.0.0
--13102--    object doesn't have a symbol table
--13102-- Reading syms from /lib/x86_64-linux-gnu/libpcre.so.3.13.2
--13102--   Considering /lib/x86_64-linux-gnu/libpcre.so.3.13.2 ..
--13102--   .. CRC mismatch (computed 276b70fd wanted 22183252)
--13102--    object doesn't have a symbol table
--13102-- Reading syms from /usr/lib/x86_64-linux-gnu/libboost_program_options.so.1.58.0
--13102--    object doesn't have a symbol table
--13102-- Reading syms from /usr/lib/x86_64-linux-gnu/libpython2.7.so.1.0
--13102--    object doesn't have a symbol table
--13102-- Reading syms from /lib/x86_64-linux-gnu/libuuid.so.1.3.0
--13102--    object doesn't have a symbol table
--13102-- Reading syms from /lib/x86_64-linux-gnu/libcrypt-2.23.so
--13102--   Considering /lib/x86_64-linux-gnu/libcrypt-2.23.so ..
--13102--   .. CRC mismatch (computed 21de4e01 wanted e9d5f18f)
--13102--   Considering /usr/lib/debug/lib/x86_64-linux-gnu/libcrypt-2.23.so ..
--13102--   .. CRC is valid
--13102-- Reading syms from /lib/x86_64-linux-gnu/libexpat.so.1.6.0
--13102--    object doesn't have a symbol table
--13102-- Reading syms from /usr/lib/x86_64-linux-gnu/libicudata.so.55.1
--13102--    object doesn't have a symbol table
--13102-- Reading syms from /lib/x86_64-linux-gnu/libselinux.so.1
--13102--    object doesn't have a symbol table
--13102-- Reading syms from /lib/x86_64-linux-gnu/liblzma.so.5.0.0
--13102--    object doesn't have a symbol table
--13102-- Reading syms from /lib/x86_64-linux-gnu/libgcrypt.so.20.0.5
--13102--    object doesn't have a symbol table
--13102-- Reading syms from /lib/x86_64-linux-gnu/libnsl-2.23.so
--13102--   Considering /lib/x86_64-linux-gnu/libnsl-2.23.so ..
--13102--   .. CRC mismatch (computed 59607d05 wanted 0aad171b)
--13102--   Considering /usr/lib/debug/lib/x86_64-linux-gnu/libnsl-2.23.so ..
--13102--   .. CRC is valid
--13102-- Reading syms from /usr/lib/x86_64-linux-gnu/libFLAC.so.8.3.0
--13102--    object doesn't have a symbol table
--13102-- Reading syms from /usr/lib/x86_64-linux-gnu/libvorbisenc.so.2.0.11
--13102--    object doesn't have a symbol table
--13102-- Reading syms from /lib/x86_64-linux-gnu/libresolv-2.23.so
--13102--   Considering /lib/x86_64-linux-gnu/libresolv-2.23.so ..
--13102--   .. CRC mismatch (computed c17e9092 wanted 4d18909c)
--13102--   Considering /usr/lib/debug/lib/x86_64-linux-gnu/libresolv-2.23.so ..
--13102--   .. CRC is valid
--13102-- Reading syms from /lib/x86_64-linux-gnu/libutil-2.23.so
--13102--   Considering /lib/x86_64-linux-gnu/libutil-2.23.so ..
--13102--   .. CRC mismatch (computed 53bedfa9 wanted 7d998962)
--13102--   Considering /usr/lib/debug/lib/x86_64-linux-gnu/libutil-2.23.so ..
--13102--   .. CRC is valid
--13102-- Reading syms from /lib/x86_64-linux-gnu/libgpg-error.so.0.17.0
--13102--    object doesn't have a symbol table
--13102-- Reading syms from /usr/lib/x86_64-linux-gnu/libogg.so.0.8.2
--13102--   Considering /usr/lib/x86_64-linux-gnu/libogg.so.0.8.2 ..
--13102--   .. CRC mismatch (computed 79e45162 wanted f32912dd)
--13102--    object doesn't have a symbol table
--13102-- Reading syms from /usr/lib/x86_64-linux-gnu/libvorbis.so.0.4.8
--13102--    object doesn't have a symbol table
--13102-- REDIR: 0x68f0e50 (libc.so.6:strcasecmp) redirected to 0x4a286f0 (_vgnU_ifunc_wrapper)
--13102-- REDIR: 0x68ec6d0 (libc.so.6:strcspn) redirected to 0x4a286f0 (_vgnU_ifunc_wrapper)
--13102-- REDIR: 0x68f3140 (libc.so.6:strncasecmp) redirected to 0x4a286f0 (_vgnU_ifunc_wrapper)
--13102-- REDIR: 0x68eeb40 (libc.so.6:strpbrk) redirected to 0x4a286f0 (_vgnU_ifunc_wrapper)
--13102-- REDIR: 0x68eeed0 (libc.so.6:strspn) redirected to 0x4a286f0 (_vgnU_ifunc_wrapper)
--13102-- REDIR: 0x68f059b (libc.so.6:memcpy@GLIBC_2.2.5) redirected to 0x4a286f0 (_vgnU_ifunc_wrapper)
--13102-- REDIR: 0x68f0000 (libc.so.6:bcmp) redirected to 0x4a286f0 (_vgnU_ifunc_wrapper)
--13102-- REDIR: 0x68f5840 (libc.so.6:memcpy@@GLIBC_2.14) redirected to 0x4a286f0 (_vgnU_ifunc_wrapper)
--13102-- REDIR: 0x68ecf70 (libc.so.6:strncmp) redirected to 0x4a286f0 (_vgnU_ifunc_wrapper)
--13102-- REDIR: 0x68eaed0 (libc.so.6:index) redirected to 0x4a286f0 (_vgnU_ifunc_wrapper)
--13102-- REDIR: 0x68f0600 (libc.so.6:memset) redirected to 0x4a286f0 (_vgnU_ifunc_wrapper)
--13102-- REDIR: 0x68eb120 (libc.so.6:strcmp) redirected to 0x4a286f0 (_vgnU_ifunc_wrapper)
--13102-- REDIR: 0x6977620 (libc.so.6:__memcpy_chk) redirected to 0x4a286f0 (_vgnU_ifunc_wrapper)
--13102-- REDIR: 0x68ee810 (libc.so.6:strncpy) redirected to 0x4a286f0 (_vgnU_ifunc_wrapper)
--13102-- REDIR: 0x68f0ca0 (libc.so.6:stpcpy) redirected to 0x4a286f0 (_vgnU_ifunc_wrapper)
--13102-- REDIR: 0x68ec5b0 (libc.so.6:strcpy) redirected to 0x4a286f0 (_vgnU_ifunc_wrapper)
--13102-- REDIR: 0x68f0780 (libc.so.6:mempcpy) redirected to 0x4a286f0 (_vgnU_ifunc_wrapper)
--13102-- REDIR: 0x68efa80 (libc.so.6:strstr) redirected to 0x4a286f0 (_vgnU_ifunc_wrapper)
--13102-- REDIR: 0x68ecf30 (libc.so.6:strncat) redirected to 0x4a286f0 (_vgnU_ifunc_wrapper)
--13102-- REDIR: 0x69776b0 (libc.so.6:__memmove_chk) redirected to 0x4a286f0 (_vgnU_ifunc_wrapper)
--13102-- REDIR: 0x68eacd0 (libc.so.6:strcat) redirected to 0x4a286f0 (_vgnU_ifunc_wrapper)
--13102-- REDIR: 0x68ee850 (libc.so.6:rindex) redirected to 0x4c308a0 (rindex)
--13102-- REDIR: 0x68ecb70 (libc.so.6:strlen) redirected to 0x4c30f60 (strlen)
--13102-- REDIR: 0x68e5580 (libc.so.6:malloc) redirected to 0x4c2db20 (malloc)
--13102-- REDIR: 0x68f58c0 (libc.so.6:__GI_memcpy) redirected to 0x4c32b00 (__GI_memcpy)
--13102-- REDIR: 0x68eb160 (libc.so.6:__GI_strcmp) redirected to 0x4c31fe0 (__GI_strcmp)
--13102-- REDIR: 0x68ef4b0 (libc.so.6:__GI_strstr) redirected to 0x4c354d0 (__strstr_sse2)
--13102-- REDIR: 0x68efcb0 (libc.so.6:memchr) redirected to 0x4c32170 (memchr)
--13102-- REDIR: 0x690b4c0 (libc.so.6:__strstr_sse2_unaligned) redirected to 0x4c35460 (strstr)
--13102-- REDIR: 0x68e5940 (libc.so.6:free) redirected to 0x4c2ed80 (free)
--13102-- REDIR: 0x68f0040 (libc.so.6:__GI_memcmp) redirected to 0x4c33b90 (__GI_memcmp)
--13102-- REDIR: 0x69009c0 (libc.so.6:__strcmp_sse2_unaligned) redirected to 0x4c31f90 (strcmp)
--13102-- REDIR: 0x69af2b0 (libc.so.6:__memcpy_avx_unaligned) redirected to 0x4c324a0 (memcpy@@GLIBC_2.14)
--13102-- REDIR: 0x604ee60 (libstdc++.so.6:operator new(unsigned long)) redirected to 0x4c2e080 (operator new(unsigned long))
--13102-- REDIR: 0x68e6160 (libc.so.6:calloc) redirected to 0x4c2faa0 (calloc)
--13102-- REDIR: 0x69cf840 (libc.so.6:__memcmp_sse4_1) redirected to 0x4c33cd0 (__memcmp_sse4_1)
--13102-- REDIR: 0x604cf10 (libstdc++.so.6:operator delete(void*)) redirected to 0x4c2f1e0 (operator delete(void*))
--13102-- REDIR: 0x604ef10 (libstdc++.so.6:operator new[](unsigned long)) redirected to 0x4c2e7a0 (operator new[](unsigned long))
--13102-- REDIR: 0x68ecfc0 (libc.so.6:__GI_strncmp) redirected to 0x4c31710 (__GI_strncmp)
--13102-- REDIR: 0x68ecd10 (libc.so.6:strnlen) redirected to 0x4c30ee0 (strnlen)
--13102-- REDIR: 0x604cf40 (libstdc++.so.6:operator delete[](void*)) redirected to 0x4c2f6e0 (operator delete[](void*))
--13102-- REDIR: 0x69aedc0 (libc.so.6:__memmove_avx_unaligned) redirected to 0x4c32230 (memcpy@GLIBC_2.2.5)
--13102-- REDIR: 0x68eaf00 (libc.so.6:__GI_strchr) redirected to 0x4c30a00 (__GI_strchr)
--13102-- REDIR: 0x68f7bb0 (libc.so.6:strchrnul) redirected to 0x4c34da0 (strchrnul)
--13102-- REDIR: 0x68f0800 (libc.so.6:__GI_mempcpy) redirected to 0x4c34fa0 (__GI_mempcpy)
--13102-- REDIR: 0x69ad400 (libc.so.6:__strncasecmp_avx) redirected to 0x4c31940 (strncasecmp)
--13102-- REDIR: 0x6900970 (libc.so.6:__GI_strncpy) redirected to 0x4c31310 (__GI_strncpy)
--13102-- REDIR: 0x68f0ce0 (libc.so.6:__GI_stpcpy) redirected to 0x4c33f80 (__GI_stpcpy)
--13102-- Reading syms from /lib/x86_64-linux-gnu/libnss_files-2.23.so
--13102--   Considering /lib/x86_64-linux-gnu/libnss_files-2.23.so ..
--13102--   .. CRC mismatch (computed 52ba29b8 wanted 09fd2a8c)
--13102--   Considering /usr/lib/debug/lib/x86_64-linux-gnu/libnss_files-2.23.so ..
--13102--   .. CRC is valid
--13102-- REDIR: 0x68ec5f0 (libc.so.6:__GI_strcpy) redirected to 0x4c31110 (__GI_strcpy)
--13102-- REDIR: 0x68f79a0 (libc.so.6:rawmemchr) redirected to 0x4c34dd0 (rawmemchr)
--13102-- REDIR: 0x69abd90 (libc.so.6:__strcasecmp_avx) redirected to 0x4c31860 (strcasecmp)
--13102-- REDIR: 0x69af2a0 (libc.so.6:__memcpy_chk_avx_unaligned) redirected to 0x4c35360 (__memcpy_chk)
--13102-- REDIR: 0x69a6ea0 (libc.so.6:__strncmp_sse42) redirected to 0x4c317f0 (__strncmp_sse42)
--13102-- REDIR: 0x68e5b10 (libc.so.6:realloc) redirected to 0x4c2fce0 (realloc)
--13102-- REDIR: 0x69d3d80 (libc.so.6:__memset_avx2) redirected to 0x4c344c0 (memset)
--13102-- REDIR: 0x6977890 (libc.so.6:__strcpy_chk) redirected to 0x4c34e10 (__strcpy_chk)
--13102-- REDIR: 0x6907450 (libc.so.6:__strncpy_sse2_unaligned) redirected to 0x4c31570 (__strncpy_sse2_unaligned)
--13102-- REDIR: 0x6906e20 (libc.so.6:__strcpy_sse2_unaligned) redirected to 0x4c31040 (strcpy)
--13102-- REDIR: 0x6908430 (libc.so.6:__stpcpy_sse2_unaligned) redirected to 0x4c34120 (__stpcpy_sse2_unaligned)
--13102-- Reading syms from /usr/lib/x86_64-linux-gnu/mesa/libGL.so.1.2.0
--13102--    object doesn't have a symbol table
--13102-- Reading syms from /usr/lib/x86_64-linux-gnu/libxcb-dri3.so.0.0.0
--13102--    object doesn't have a symbol table
--13102-- Reading syms from /usr/lib/x86_64-linux-gnu/libxcb-present.so.0.0.0
--13102--    object doesn't have a symbol table
--13102-- Reading syms from /usr/lib/x86_64-linux-gnu/libxcb-sync.so.1.0.0
--13102--    object doesn't have a symbol table
--13102-- Reading syms from /usr/lib/x86_64-linux-gnu/libxshmfence.so.1.0.0
--13102--    object doesn't have a symbol table
--13102-- Reading syms from /usr/lib/x86_64-linux-gnu/libglapi.so.0.0.0
--13102--    object doesn't have a symbol table
--13102-- Reading syms from /usr/lib/x86_64-linux-gnu/libXdamage.so.1.1.0
--13102--   Considering /usr/lib/x86_64-linux-gnu/libXdamage.so.1.1.0 ..
--13102--   .. CRC mismatch (computed e9b9988d wanted 2077fd66)
--13102--    object doesn't have a symbol table
--13102-- Reading syms from /usr/lib/x86_64-linux-gnu/libX11-xcb.so.1.0.0
--13102--   Considering /usr/lib/x86_64-linux-gnu/libX11-xcb.so.1.0.0 ..
--13102--   .. CRC mismatch (computed 41b84947 wanted ceb4ca65)
--13102--    object doesn't have a symbol table
--13102-- Reading syms from /usr/lib/x86_64-linux-gnu/libxcb-glx.so.0.0.0
--13102--    object doesn't have a symbol table
--13102-- Reading syms from /usr/lib/x86_64-linux-gnu/libxcb-dri2.so.0.0.0
--13102--    object doesn't have a symbol table
--13102-- Reading syms from /usr/lib/x86_64-linux-gnu/libdrm.so.2.4.0
--13102--    object doesn't have a symbol table
--13102-- REDIR: 0x69af650 (libc.so.6:__mempcpy_avx_unaligned) redirected to 0x4c34eb0 (mempcpy)
--13102-- Reading syms from /lib/x86_64-linux-gnu/libudev.so.1.6.4
--13102--    object doesn't have a symbol table
--13102-- REDIR: 0x68e5ef0 (libc.so.6:memalign) redirected to 0x4c2ff20 (memalign)
--13102-- REDIR: 0x69abc70 (libc.so.6:__strspn_sse42) redirected to 0x4c35670 (strspn)
--13102-- Reading syms from /usr/lib/x86_64-linux-gnu/dri/i965_dri.so
--13102--    object doesn't have a symbol table
--13102-- Reading syms from /usr/lib/x86_64-linux-gnu/libdrm_intel.so.1.0.0
--13102--    object doesn't have a symbol table
--13102-- Reading syms from /usr/lib/x86_64-linux-gnu/libdrm_nouveau.so.2.0.0
--13102--    object doesn't have a symbol table
--13102-- Reading syms from /usr/lib/x86_64-linux-gnu/libdrm_radeon.so.1.0.1
--13102--    object doesn't have a symbol table
--13102-- Reading syms from /usr/lib/x86_64-linux-gnu/libpciaccess.so.0.11.1
--13102--    object doesn't have a symbol table
==13102== Syscall param writev(vector[...]) points to uninitialised byte(s)
==13102==    at 0x695E40D: ??? (syscall-template.S:84)
==13102==    by 0xBEDCF28: ??? (in /usr/lib/x86_64-linux-gnu/libxcb.so.1.1.0)
==13102==    by 0xBEDD31C: ??? (in /usr/lib/x86_64-linux-gnu/libxcb.so.1.1.0)
==13102==    by 0xBEDD3A4: xcb_writev (in /usr/lib/x86_64-linux-gnu/libxcb.so.1.1.0)
==13102==    by 0x75CC4AD: _XSend (in /usr/lib/x86_64-linux-gnu/libX11.so.6.3.0)
==13102==    by 0x75CC9A1: _XReply (in /usr/lib/x86_64-linux-gnu/libX11.so.6.3.0)
==13102==    by 0x75B759E: XInternAtom (in /usr/lib/x86_64-linux-gnu/libX11.so.6.3.0)
==13102==    by 0x4EF9AEA: ??? (in /usr/lib/x86_64-linux-gnu/libSDL2-2.0.so.0.4.0)
==13102==    by 0x4EFA8F1: ??? (in /usr/lib/x86_64-linux-gnu/libSDL2-2.0.so.0.4.0)
==13102==    by 0x4EEC148: ??? (in /usr/lib/x86_64-linux-gnu/libSDL2-2.0.so.0.4.0)
==13102==    by 0x4EEBF34: ??? (in /usr/lib/x86_64-linux-gnu/libSDL2-2.0.so.0.4.0)
==13102==    by 0x4E53396: ??? (in /usr/lib/x86_64-linux-gnu/libSDL2-2.0.so.0.4.0)
==13102==  Address 0x12c82fe3 is 35 bytes inside a block of size 16,384 alloc'd
==13102==    at 0x4C2FB55: calloc (in /usr/lib/valgrind/vgpreload_memcheck-amd64-linux.so)
==13102==    by 0x75BC692: XOpenDisplay (in /usr/lib/x86_64-linux-gnu/libX11.so.6.3.0)
==13102==    by 0x4EF8DB4: ??? (in /usr/lib/x86_64-linux-gnu/libSDL2-2.0.so.0.4.0)
==13102==    by 0x4EEBEE0: ??? (in /usr/lib/x86_64-linux-gnu/libSDL2-2.0.so.0.4.0)
==13102==    by 0x4E53396: ??? (in /usr/lib/x86_64-linux-gnu/libSDL2-2.0.so.0.4.0)
==13102==    by 0x413FD9: Window::init() (Window.cpp:233)
==13102==    by 0x41461C: Window::Window(bool&) (Window.cpp:47)
==13102==    by 0x412D47: main (main.cpp:22)
==13102==  Uninitialised value was created by a stack allocation
==13102==    at 0x75C7B30: XStoreColors (in /usr/lib/x86_64-linux-gnu/libX11.so.6.3.0)
==13102== 
--13102-- REDIR: 0x68e8a50 (libc.so.6:posix_memalign) redirected to 0x4c300a0 (posix_memalign)
--13102-- Reading syms from /usr/lib/x86_64-linux-gnu/libtxc_dxtn_s2tc.so.0.0.0
--13102--    object doesn't have a symbol table
--13102-- REDIR: 0x6909c40 (libc.so.6:__strcat_sse2_unaligned) redirected to 0x4c30c00 (strcat)
--13102-- REDIR: 0x68f0440 (libc.so.6:__GI_memmove) redirected to 0x4c347e0 (__GI_memmove)
--13102-- REDIR: 0x69aba00 (libc.so.6:__strcspn_sse42) redirected to 0x4c35610 (strcspn)
--13102-- Reading syms from /lib/x86_64-linux-gnu/libnss_compat-2.23.so
--13102--   Considering /lib/x86_64-linux-gnu/libnss_compat-2.23.so ..
--13102--   .. CRC mismatch (computed 0c0a2c25 wanted cabd2faf)
--13102--   Considering /usr/lib/debug/lib/x86_64-linux-gnu/libnss_compat-2.23.so ..
--13102--   .. CRC is valid
--13102-- Reading syms from /lib/x86_64-linux-gnu/libnss_nis-2.23.so
--13102--   Considering /lib/x86_64-linux-gnu/libnss_nis-2.23.so ..
--13102--   .. CRC mismatch (computed 5032c24f wanted a298bee6)
--13102--   Considering /usr/lib/debug/lib/x86_64-linux-gnu/libnss_nis-2.23.so ..
--13102--   .. CRC is valid
--13102-- Reading syms from /opt/ros/kinetic/lib/libcompressed_image_transport.so
--13102--    object doesn't have a symbol table
--13102-- Reading syms from /opt/ros/kinetic/lib/libcv_bridge.so
--13102--    object doesn't have a symbol table
--13102-- Reading syms from /opt/ros/kinetic/lib/libopencv_core3.so.3.2.0
--13102--    object doesn't have a symbol table
--13102-- Reading syms from /opt/ros/kinetic/lib/libopencv_imgcodecs3.so.3.2.0
--13102--    object doesn't have a symbol table
--13102-- Reading syms from /opt/ros/kinetic/lib/libopencv_imgproc3.so.3.2.0
--13102--    object doesn't have a symbol table
--13102-- Reading syms from /opt/ros/kinetic/lib/libdynamic_reconfigure_config_init_mutex.so
--13102--    object doesn't have a symbol table
--13102-- Reading syms from /usr/lib/x86_64-linux-gnu/libjpeg.so.8.0.2
--13102--    object doesn't have a symbol table
--13102-- Reading syms from /usr/lib/x86_64-linux-gnu/libwebp.so.5.0.4
--13102--    object doesn't have a symbol table
--13102-- Reading syms from /usr/lib/x86_64-linux-gnu/libtiff.so.5.2.4
--13102--    object doesn't have a symbol table
--13102-- Reading syms from /usr/lib/x86_64-linux-gnu/libjasper.so.1.0.0
--13102--    object doesn't have a symbol table
--13102-- Reading syms from /usr/lib/x86_64-linux-gnu/libjbig.so.0
--13102--   Considering /usr/lib/x86_64-linux-gnu/libjbig.so.0 ..
--13102--   .. CRC mismatch (computed 62ceb709 wanted f6cb0ad8)
--13102--    object doesn't have a symbol table
--13102-- Discarding syms at 0x24c643d0-0x24c8c9f1 in /opt/ros/kinetic/lib/libcompressed_image_transport.so due to munmap()
--13102-- Discarding syms at 0x27975e40-0x27976ec4 in /opt/ros/kinetic/lib/libdynamic_reconfigure_config_init_mutex.so due to munmap()
--13102-- Discarding syms at 0x240482d0-0x2404dbf1 in /lib/x86_64-linux-gnu/libnss_compat-2.23.so due to munmap()
--13102-- Discarding syms at 0x242520b0-0x242588aa in /lib/x86_64-linux-gnu/libnss_nis-2.23.so due to munmap()
--13102-- Discarding syms at 0x1301a1b0-0x130202a1 in /lib/x86_64-linux-gnu/libnss_files-2.23.so due to munmap()
==13102== 
==13102== HEAP SUMMARY:
==13102==     in use at exit: 243,610 bytes in 681 blocks
==13102==   total heap usage: 242,936 allocs, 242,255 frees, 222,440,694 bytes allocated
==13102== 
==13102== Searching for pointers to 681 not-freed blocks
==13102== Checked 11,483,240 bytes
==13102== 
==13102== 341 (160 direct, 181 indirect) bytes in 1 blocks are definitely lost in loss record 175 of 216
==13102==    at 0x4C2E0EF: operator new(unsigned long) (in /usr/lib/valgrind/vgpreload_memcheck-amd64-linux.so)
==13102==    by 0x24C8C6C2: ???
==13102==    by 0x24C65688: ???
==13102==    by 0x40104E9: call_init.part.0 (dl-init.c:72)
==13102==    by 0x40105FA: call_init (dl-init.c:30)
==13102==    by 0x40105FA: _dl_init (dl-init.c:120)
==13102==    by 0x4015711: dl_open_worker (dl-open.c:575)
==13102==    by 0x4010393: _dl_catch_error (dl-error.c:187)
==13102==    by 0x4014BD8: _dl_open (dl-open.c:660)
==13102==    by 0x6F2BF08: dlopen_doit (dlopen.c:66)
==13102==    by 0x4010393: _dl_catch_error (dl-error.c:187)
==13102==    by 0x6F2C570: _dlerror_run (dlerror.c:163)
==13102==    by 0x6F2BFA0: dlopen@@GLIBC_2.2.5 (dlopen.c:87)
==13102== 
==13102== 344 (160 direct, 184 indirect) bytes in 1 blocks are definitely lost in loss record 176 of 216
==13102==    at 0x4C2E0EF: operator new(unsigned long) (in /usr/lib/valgrind/vgpreload_memcheck-amd64-linux.so)
==13102==    by 0x24C8C420: ???
==13102==    by 0x24C65713: ???
==13102==    by 0x40104E9: call_init.part.0 (dl-init.c:72)
==13102==    by 0x40105FA: call_init (dl-init.c:30)
==13102==    by 0x40105FA: _dl_init (dl-init.c:120)
==13102==    by 0x4015711: dl_open_worker (dl-open.c:575)
==13102==    by 0x4010393: _dl_catch_error (dl-error.c:187)
==13102==    by 0x4014BD8: _dl_open (dl-open.c:660)
==13102==    by 0x6F2BF08: dlopen_doit (dlopen.c:66)
==13102==    by 0x4010393: _dl_catch_error (dl-error.c:187)
==13102==    by 0x6F2C570: _dlerror_run (dlerror.c:163)
==13102==    by 0x6F2BFA0: dlopen@@GLIBC_2.2.5 (dlopen.c:87)
==13102== 
==13102== 352 bytes in 1 blocks are possibly lost in loss record 177 of 216
==13102==    at 0x4C2FB55: calloc (in /usr/lib/valgrind/vgpreload_memcheck-amd64-linux.so)
==13102==    by 0x40136D4: allocate_dtv (dl-tls.c:322)
==13102==    by 0x40136D4: _dl_allocate_tls (dl-tls.c:539)
==13102==    by 0x8F6C26E: allocate_stack (allocatestack.c:588)
==13102==    by 0x8F6C26E: pthread_create@@GLIBC_2.2.5 (pthread_create.c:539)
==13102==    by 0xA8DC2E8: boost::thread::start_thread_noexcept() (in /usr/lib/x86_64-linux-gnu/libboost_thread.so.1.58.0)
==13102==    by 0x56F3929: ros::ROSOutAppender::ROSOutAppender() (in /opt/ros/kinetic/lib/libroscpp.so)
==13102==    by 0x56F7F34: ros::start() (in /opt/ros/kinetic/lib/libroscpp.so)
==13102==    by 0x56C8ED7: ros::NodeHandle::construct(std::__cxx11::basic_string<char, std::char_traits<char>, std::allocator<char> > const&, bool) (in /opt/ros/kinetic/lib/libroscpp.so)
==13102==    by 0x56C92A8: ros::NodeHandle::NodeHandle(std::__cxx11::basic_string<char, std::char_traits<char>, std::allocator<char> > const&, std::map<std::__cxx11::basic_string<char, std::char_traits<char>, std::allocator<char> >, std::__cxx11::basic_string<char, std::char_traits<char>, std::allocator<char> >, std::less<std::__cxx11::basic_string<char, std::char_traits<char>, std::allocator<char> > >, std::allocator<std::pair<std::__cxx11::basic_string<char, std::char_traits<char>, std::allocator<char> > const, std::__cxx11::basic_string<char, std::char_traits<char>, std::allocator<char> > > > > const&) (in /opt/ros/kinetic/lib/libroscpp.so)
==13102==    by 0x412C3D: main (main.cpp:16)
==13102== 
==13102== LEAK SUMMARY:
==13102==    definitely lost: 320 bytes in 2 blocks
==13102==    indirectly lost: 365 bytes in 10 blocks
==13102==      possibly lost: 352 bytes in 1 blocks
==13102==    still reachable: 242,573 bytes in 668 blocks
==13102==         suppressed: 0 bytes in 0 blocks
==13102== Reachable blocks (those to which a pointer was found) are not shown.
==13102== To see them, rerun with: --leak-check=full --show-leak-kinds=all
==13102== 
==13102== ERROR SUMMARY: 6 errors from 4 contexts (suppressed: 0 from 0)
==13102== 
==13102== 3 errors in context 1 of 4:
==13102== Syscall param writev(vector[...]) points to uninitialised byte(s)
==13102==    at 0x695E40D: ??? (syscall-template.S:84)
==13102==    by 0xBEDCF28: ??? (in /usr/lib/x86_64-linux-gnu/libxcb.so.1.1.0)
==13102==    by 0xBEDD31C: ??? (in /usr/lib/x86_64-linux-gnu/libxcb.so.1.1.0)
==13102==    by 0xBEDD3A4: xcb_writev (in /usr/lib/x86_64-linux-gnu/libxcb.so.1.1.0)
==13102==    by 0x75CC4AD: _XSend (in /usr/lib/x86_64-linux-gnu/libX11.so.6.3.0)
==13102==    by 0x75CC9A1: _XReply (in /usr/lib/x86_64-linux-gnu/libX11.so.6.3.0)
==13102==    by 0x75B759E: XInternAtom (in /usr/lib/x86_64-linux-gnu/libX11.so.6.3.0)
==13102==    by 0x4EF9AEA: ??? (in /usr/lib/x86_64-linux-gnu/libSDL2-2.0.so.0.4.0)
==13102==    by 0x4EFA8F1: ??? (in /usr/lib/x86_64-linux-gnu/libSDL2-2.0.so.0.4.0)
==13102==    by 0x4EEC148: ??? (in /usr/lib/x86_64-linux-gnu/libSDL2-2.0.so.0.4.0)
==13102==    by 0x4EEBF34: ??? (in /usr/lib/x86_64-linux-gnu/libSDL2-2.0.so.0.4.0)
==13102==    by 0x4E53396: ??? (in /usr/lib/x86_64-linux-gnu/libSDL2-2.0.so.0.4.0)
==13102==  Address 0x12c82fe3 is 35 bytes inside a block of size 16,384 alloc'd
==13102==    at 0x4C2FB55: calloc (in /usr/lib/valgrind/vgpreload_memcheck-amd64-linux.so)
==13102==    by 0x75BC692: XOpenDisplay (in /usr/lib/x86_64-linux-gnu/libX11.so.6.3.0)
==13102==    by 0x4EF8DB4: ??? (in /usr/lib/x86_64-linux-gnu/libSDL2-2.0.so.0.4.0)
==13102==    by 0x4EEBEE0: ??? (in /usr/lib/x86_64-linux-gnu/libSDL2-2.0.so.0.4.0)
==13102==    by 0x4E53396: ??? (in /usr/lib/x86_64-linux-gnu/libSDL2-2.0.so.0.4.0)
==13102==    by 0x413FD9: Window::init() (Window.cpp:233)
==13102==    by 0x41461C: Window::Window(bool&) (Window.cpp:47)
==13102==    by 0x412D47: main (main.cpp:22)
==13102==  Uninitialised value was created by a stack allocation
==13102==    at 0x75C7B30: XStoreColors (in /usr/lib/x86_64-linux-gnu/libX11.so.6.3.0)
==13102== 
==13102== ERROR SUMMARY: 6 errors from 4 contexts (suppressed: 0 from 0)
[31m================================================================================REQUIRED process [bebop_teleop-1] has died!
process has finished cleanly
log file: /home/michionlion/.ros/log/8bca7a50-2ea9-11e7-b732-40e230d75063/bebop_teleop-1*.log
Initiating shutdown!
================================================================================[0m
... logging to /home/michionlion/.ros/log/8bca7a50-2ea9-11e7-b732-40e230d75063/roslaunch-michionlion-Laptop-13083.log
Checking log directory for disk usage. This may take awhile.
Press Ctrl-C to interrupt
Done checking log file disk usage. Usage is <1GB.
]2;/home/michionlion/catkin_ws/src/bebop_teleop/launch/debug.launch
[1mstarted roslaunch server http://michionlion-Laptop:37479/[0m

SUMMARY
========

PARAMETERS
 * /rosdistro: kinetic
 * /rosversion: 1.12.7

NODES
  /
    bebop_teleop (bebop_teleop/bebop_teleop)

[1mROS_MASTER_URI=http://localhost:11311[0m
]2;/home/michionlion/catkin_ws/src/bebop_teleop/launch/debug.launch http://localhost:11311
core service [/rosout] found
[1mprocess[bebop_teleop-1]: started with pid [13102][0m
[bebop_teleop-1] killing on exit
shutting down processing monitor...
... shutting down processing monitor complete
[1mdone[0m
